
> firebotsync@0.1.0 dev
> next dev

▲ Next.js 16.2.1 (Turbopack)
- Local:         http://localhost:3000
- Network:       http://10.139.84.97:3000
✓ Ready in 733ms

 GET / 200 in 1347ms (next.js: 868ms, application-code: 478ms)
 POST /api/logs 200 in 257ms (next.js: 194ms, application-code: 63ms)
 POST /api/logs 200 in 19ms (next.js: 6ms, application-code: 13ms)
 POST /api/logs 200 in 21ms (next.js: 7ms, application-code: 14ms)
 POST /api/logs 200 in 19ms (next.js: 8ms, application-code: 11ms)
 POST /api/logs 200 in 17ms (next.js: 6ms, application-code: 11ms)
 POST /api/logs 200 in 12ms (next.js: 5ms, application-code: 6ms)
 POST /api/logs 200 in 14ms (next.js: 5ms, application-code: 9ms)
 POST /api/logs 200 in 24ms (next.js: 12ms, application-code: 13ms)
 POST /api/logs 200 in 14ms (next.js: 5ms, application-code: 9ms)
 POST /api/logs 200 in 46ms (next.js: 28ms, application-code: 17ms)
 POST /api/logs 200 in 10ms (next.js: 4ms, application-code: 6ms)
 POST /api/logs 200 in 15ms (next.js: 5ms, application-code: 10ms)
 POST /api/logs 200 in 20ms (next.js: 6ms, application-code: 14ms)
 POST /api/logs 200 in 18ms (next.js: 7ms, application-code: 10ms)
 POST /api/logs 200 in 22ms (next.js: 8ms, application-code: 14ms)
 POST /api/logs 200 in 13ms (next.js: 6ms, application-code: 7ms)
 POST /api/logs 200 in 15ms (next.js: 5ms, application-code: 10ms)
 POST /api/logs 200 in 9ms (next.js: 3ms, application-code: 6ms)
 POST /api/logs 200 in 15ms (next.js: 5ms, application-code: 10ms)
 POST /api/logs 200 in 16ms (next.js: 6ms, application-code: 10ms)
 POST /api/logs 200 in 20ms (next.js: 15ms, application-code: 5ms)
 POST /api/logs 200 in 16ms (next.js: 5ms, application-code: 11ms)
 POST /api/logs 200 in 13ms (next.js: 4ms, application-code: 9ms)
 POST /api/logs 200 in 21ms (next.js: 13ms, application-code: 8ms)
 POST /api/logs 200 in 9ms (next.js: 3ms, application-code: 6ms)
 POST /api/logs 200 in 15ms (next.js: 5ms, application-code: 10ms)
 POST /api/logs 200 in 10ms (next.js: 4ms, application-code: 6ms)
 POST /api/logs 200 in 14ms (next.js: 6ms, application-code: 9ms)
 POST /api/logs 200 in 11ms (next.js: 5ms, application-code: 6ms)
 POST /api/logs 200 in 12ms (next.js: 5ms, application-code: 7ms)
 POST /api/logs 200 in 14ms (next.js: 4ms, application-code: 9ms)
 POST /api/logs 200 in 14ms (next.js: 5ms, application-code: 9ms)
 POST /api/logs 200 in 32ms (next.js: 13ms, application-code: 19ms)
 POST /api/logs 200 in 17ms (next.js: 6ms, application-code: 11ms)
 POST /api/logs 200 in 12ms (next.js: 7ms, application-code: 6ms)
 POST /api/logs 200 in 10ms (next.js: 4ms, application-code: 7ms)
 POST /api/logs 200 in 46ms (next.js: 14ms, application-code: 33ms)
 POST /api/logs 200 in 13ms (next.js: 5ms, application-code: 8ms)
 POST /api/logs 200 in 14ms (next.js: 5ms, application-code: 9ms)
 POST /api/logs 200 in 61ms (next.js: 20ms, application-code: 41ms)
 POST /api/logs 200 in 10ms (next.js: 4ms, application-code: 6ms)
 POST /api/logs 200 in 27ms (next.js: 8ms, application-code: 19ms)
 POST /api/logs 200 in 10ms (next.js: 4ms, application-code: 6ms)
 POST /api/logs 200 in 19ms (next.js: 6ms, application-code: 13ms)
 POST /api/logs 200 in 15ms (next.js: 5ms, application-code: 10ms)
 POST /api/logs 200 in 21ms (next.js: 8ms, application-code: 13ms)
 POST /api/logs 200 in 21ms (next.js: 7ms, application-code: 14ms)
 POST /api/logs 200 in 11ms (next.js: 4ms, application-code: 7ms)
 POST /api/logs 200 in 23ms (next.js: 9ms, application-code: 14ms)
 POST /api/logs 200 in 12ms (next.js: 5ms, application-code: 7ms)
 POST /api/logs 200 in 13ms (next.js: 5ms, application-code: 8ms)
 POST /api/logs 200 in 34ms (next.js: 15ms, application-code: 20ms)
 POST /api/logs 200 in 20ms (next.js: 6ms, application-code: 14ms)
 POST /api/logs 200 in 14ms (next.js: 5ms, application-code: 9ms)
 POST /api/logs 200 in 21ms (next.js: 7ms, application-code: 14ms)
 POST /api/logs 200 in 9ms (next.js: 3ms, application-code: 6ms)
 POST /api/logs 200 in 18ms (next.js: 6ms, application-code: 12ms)
 POST /api/logs 200 in 15ms (next.js: 7ms, application-code: 8ms)
 POST /api/logs 200 in 13ms (next.js: 6ms, application-code: 7ms)
 POST /api/logs 200 in 22ms (next.js: 6ms, application-code: 16ms)
 POST /api/logs 200 in 10ms (next.js: 4ms, application-code: 6ms)
 POST /api/logs 200 in 15ms (next.js: 4ms, application-code: 10ms)
 POST /api/logs 200 in 12ms (next.js: 4ms, application-code: 8ms)
 POST /api/logs 200 in 24ms (next.js: 7ms, application-code: 17ms)
 POST /api/logs 200 in 14ms (next.js: 5ms, application-code: 9ms)
 POST /api/logs 200 in 29ms (next.js: 14ms, application-code: 15ms)
 POST /api/logs 200 in 14ms (next.js: 7ms, application-code: 8ms)
 POST /api/logs 200 in 22ms (next.js: 7ms, application-code: 15ms)
 POST /api/logs 200 in 16ms (next.js: 6ms, application-code: 10ms)
 POST /api/logs 200 in 11ms (next.js: 5ms, application-code: 6ms)
 POST /api/logs 200 in 10ms (next.js: 4ms, application-code: 6ms)
 POST /api/logs 200 in 24ms (next.js: 7ms, application-code: 17ms)
 POST /api/logs 200 in 11ms (next.js: 3ms, application-code: 8ms)
 POST /api/logs 200 in 22ms (next.js: 8ms, application-code: 15ms)
 POST /api/logs 200 in 8ms (next.js: 3ms, application-code: 5ms)
 POST /api/logs 200 in 16ms (next.js: 6ms, application-code: 10ms)
 POST /api/logs 200 in 11ms (next.js: 4ms, application-code: 7ms)
 POST /api/logs 200 in 12ms (next.js: 4ms, application-code: 8ms)
 POST /api/logs 200 in 9ms (next.js: 3ms, application-code: 5ms)
 POST /api/logs 200 in 20ms (next.js: 7ms, application-code: 13ms)
 POST /api/logs 200 in 10ms (next.js: 4ms, application-code: 6ms)
 POST /api/logs 200 in 11ms (next.js: 5ms, application-code: 6ms)
 POST /api/logs 200 in 23ms (next.js: 11ms, application-code: 13ms)
 POST /api/logs 200 in 11ms (next.js: 4ms, application-code: 7ms)
 POST /api/logs 200 in 20ms (next.js: 7ms, application-code: 12ms)
 POST /api/logs 200 in 11ms (next.js: 4ms, application-code: 8ms)
 POST /api/logs 200 in 14ms (next.js: 5ms, application-code: 9ms)
 POST /api/logs 200 in 10ms (next.js: 4ms, application-code: 6ms)
 POST /api/logs 200 in 35ms (next.js: 19ms, application-code: 16ms)
 POST /api/logs 200 in 12ms (next.js: 4ms, application-code: 8ms)
 POST /api/logs 200 in 15ms (next.js: 5ms, application-code: 10ms)
 POST /api/logs 200 in 10ms (next.js: 4ms, application-code: 6ms)
 POST /api/logs 200 in 9ms (next.js: 3ms, application-code: 7ms)
 POST /api/logs 200 in 19ms (next.js: 6ms, application-code: 12ms)
 POST /api/logs 200 in 41ms (next.js: 13ms, application-code: 27ms)
 POST /api/logs 200 in 15ms (next.js: 4ms, application-code: 11ms)
 POST /api/logs 200 in 15ms (next.js: 5ms, application-code: 10ms)
 POST /api/logs 200 in 47ms (next.js: 17ms, application-code: 29ms)
 POST /api/logs 200 in 10ms (next.js: 5ms, application-code: 6ms)
 POST /api/logs 200 in 79ms (next.js: 25ms, application-code: 54ms)
 POST /api/logs 200 in 11ms (next.js: 4ms, application-code: 7ms)
 POST /api/logs 200 in 41ms (next.js: 10ms, application-code: 31ms)
 POST /api/logs 200 in 18ms (next.js: 4ms, application-code: 14ms)
 POST /api/logs 200 in 15ms (next.js: 5ms, application-code: 9ms)
 POST /api/logs 200 in 10ms (next.js: 4ms, application-code: 6ms)
 POST /api/logs 200 in 68ms (next.js: 27ms, application-code: 40ms)
 POST /api/logs 200 in 14ms (next.js: 4ms, application-code: 10ms)
 POST /api/logs 200 in 24ms (next.js: 13ms, application-code: 10ms)
 POST /api/logs 200 in 18ms (next.js: 7ms, application-code: 10ms)
 POST /api/logs 200 in 50ms (next.js: 15ms, application-code: 34ms)
 POST /api/logs 200 in 17ms (next.js: 8ms, application-code: 9ms)
 POST /api/logs 200 in 11ms (next.js: 5ms, application-code: 6ms)
 POST /api/logs 200 in 19ms (next.js: 6ms, application-code: 13ms)
 POST /api/logs 200 in 15ms (next.js: 5ms, application-code: 10ms)
 POST /api/logs 200 in 68ms (next.js: 36ms, application-code: 33ms)
 POST /api/logs 200 in 36ms (next.js: 17ms, application-code: 19ms)
 POST /api/logs 200 in 8ms (next.js: 3ms, application-code: 5ms)
 POST /api/logs 200 in 12ms (next.js: 6ms, application-code: 6ms)
 POST /api/logs 200 in 16ms (next.js: 7ms, application-code: 9ms)
 POST /api/logs 200 in 64ms (next.js: 10ms, application-code: 54ms)
 POST /api/logs 200 in 12ms (next.js: 4ms, application-code: 8ms)
 POST /api/logs 200 in 11ms (next.js: 3ms, application-code: 7ms)
 POST /api/logs 200 in 16ms (next.js: 6ms, application-code: 10ms)
 POST /api/logs 200 in 15ms (next.js: 6ms, application-code: 10ms)
 POST /api/logs 200 in 12ms (next.js: 7ms, application-code: 6ms)
 POST /api/logs 200 in 11ms (next.js: 5ms, application-code: 6ms)
 POST /api/logs 200 in 28ms (next.js: 7ms, application-code: 22ms)
 POST /api/logs 200 in 10ms (next.js: 4ms, application-code: 6ms)
 POST /api/logs 200 in 18ms (next.js: 6ms, application-code: 12ms)
 POST /api/logs 200 in 64ms (next.js: 15ms, application-code: 50ms)
 POST /api/logs 200 in 9ms (next.js: 3ms, application-code: 6ms)
 POST /api/logs 200 in 29ms (next.js: 6ms, application-code: 23ms)
 POST /api/logs 200 in 11ms (next.js: 5ms, application-code: 6ms)
 POST /api/logs 200 in 11ms (next.js: 4ms, application-code: 6ms)
 POST /api/logs 200 in 10ms (next.js: 4ms, application-code: 6ms)
 POST /api/logs 200 in 10ms (next.js: 3ms, application-code: 7ms)
 POST /api/logs 200 in 37ms (next.js: 12ms, application-code: 25ms)
 POST /api/logs 200 in 15ms (next.js: 6ms, application-code: 9ms)
 POST /api/logs 200 in 10ms (next.js: 5ms, application-code: 5ms)
 POST /api/logs 200 in 13ms (next.js: 5ms, application-code: 8ms)
 POST /api/logs 200 in 16ms (next.js: 5ms, application-code: 11ms)
 POST /api/logs 200 in 10ms (next.js: 4ms, application-code: 6ms)
 POST /api/logs 200 in 9ms (next.js: 4ms, application-code: 6ms)
 POST /api/logs 200 in 14ms (next.js: 5ms, application-code: 9ms)
 POST /api/logs 200 in 185ms (next.js: 108ms, application-code: 77ms)
 POST /api/logs 200 in 16ms (next.js: 5ms, application-code: 11ms)
 POST /api/logs 200 in 13ms (next.js: 4ms, application-code: 9ms)
 POST /api/logs 200 in 9ms (next.js: 3ms, application-code: 6ms)
 POST /api/logs 200 in 11ms (next.js: 6ms, application-code: 5ms)
 POST /api/logs 200 in 10ms (next.js: 5ms, application-code: 6ms)
 POST /api/logs 200 in 20ms (next.js: 5ms, application-code: 15ms)
 POST /api/logs 200 in 100ms (next.js: 45ms, application-code: 54ms)
 POST /api/logs 200 in 24ms (next.js: 8ms, application-code: 15ms)
 POST /api/logs 200 in 10ms (next.js: 4ms, application-code: 6ms)
 POST /api/logs 200 in 19ms (next.js: 8ms, application-code: 11ms)
 POST /api/logs 200 in 12ms (next.js: 4ms, application-code: 8ms)
 POST /api/logs 200 in 12ms (next.js: 7ms, application-code: 5ms)
 POST /api/logs 200 in 17ms (next.js: 5ms, application-code: 11ms)
 POST /api/logs 200 in 11ms (next.js: 4ms, application-code: 7ms)
 POST /api/logs 200 in 18ms (next.js: 4ms, application-code: 14ms)
 POST /api/logs 200 in 9ms (next.js: 3ms, application-code: 6ms)
 POST /api/logs 200 in 33ms (next.js: 10ms, application-code: 23ms)
 POST /api/logs 200 in 9ms (next.js: 4ms, application-code: 5ms)
 POST /api/logs 200 in 31ms (next.js: 8ms, application-code: 22ms)
 POST /api/logs 200 in 23ms (next.js: 8ms, application-code: 15ms)
 POST /api/logs 200 in 11ms (next.js: 4ms, application-code: 7ms)
 POST /api/logs 200 in 15ms (next.js: 6ms, application-code: 9ms)
 POST /api/logs 200 in 11ms (next.js: 4ms, application-code: 7ms)
 POST /api/logs 200 in 22ms (next.js: 9ms, application-code: 14ms)
 POST /api/logs 200 in 18ms (next.js: 7ms, application-code: 11ms)
 POST /api/logs 200 in 13ms (next.js: 5ms, application-code: 9ms)
 POST /api/logs 200 in 15ms (next.js: 5ms, application-code: 9ms)
 POST /api/logs 200 in 13ms (next.js: 4ms, application-code: 8ms)
 POST /api/logs 200 in 15ms (next.js: 5ms, application-code: 9ms)
 POST /api/logs 200 in 103ms (next.js: 35ms, application-code: 68ms)
 POST /api/logs 200 in 10ms (next.js: 4ms, application-code: 5ms)
 POST /api/logs 200 in 41ms (next.js: 12ms, application-code: 29ms)
 POST /api/logs 200 in 15ms (next.js: 5ms, application-code: 10ms)
 POST /api/logs 200 in 14ms (next.js: 7ms, application-code: 7ms)
 POST /api/logs 200 in 18ms (next.js: 8ms, application-code: 10ms)
 POST /api/logs 200 in 10ms (next.js: 4ms, application-code: 5ms)
 POST /api/logs 200 in 33ms (next.js: 9ms, application-code: 25ms)
 POST /api/logs 200 in 13ms (next.js: 5ms, application-code: 8ms)
 POST /api/logs 200 in 13ms (next.js: 6ms, application-code: 8ms)
 POST /api/logs 200 in 27ms (next.js: 8ms, application-code: 18ms)
 POST /api/logs 200 in 9ms (next.js: 3ms, application-code: 6ms)
 POST /api/logs 200 in 17ms (next.js: 6ms, application-code: 12ms)
 POST /api/logs 200 in 53ms (next.js: 31ms, application-code: 22ms)
 POST /api/logs 200 in 12ms (next.js: 5ms, application-code: 7ms)
 POST /api/logs 200 in 39ms (next.js: 14ms, application-code: 25ms)
 POST /api/logs 200 in 15ms (next.js: 5ms, application-code: 10ms)
 POST /api/logs 200 in 10ms (next.js: 3ms, application-code: 7ms)
 POST /api/logs 200 in 17ms (next.js: 6ms, application-code: 11ms)
 POST /api/logs 200 in 16ms (next.js: 6ms, application-code: 10ms)
 POST /api/logs 200 in 26ms (next.js: 10ms, application-code: 16ms)
 POST /api/logs 200 in 11ms (next.js: 5ms, application-code: 6ms)
 POST /api/logs 200 in 11ms (next.js: 5ms, application-code: 6ms)
 POST /api/logs 200 in 34ms (next.js: 11ms, application-code: 23ms)
 POST /api/logs 200 in 8ms (next.js: 3ms, application-code: 5ms)
 POST /api/logs 200 in 41ms (next.js: 19ms, application-code: 22ms)
 POST /api/logs 200 in 11ms (next.js: 5ms, application-code: 6ms)
 POST /api/logs 200 in 31ms (next.js: 11ms, application-code: 21ms)
 POST /api/logs 200 in 59ms (next.js: 25ms, application-code: 34ms)
 POST /api/logs 200 in 11ms (next.js: 4ms, application-code: 6ms)
 POST /api/logs 200 in 24ms (next.js: 6ms, application-code: 19ms)
 POST /api/logs 200 in 42ms (next.js: 13ms, application-code: 29ms)
 POST /api/logs 200 in 12ms (next.js: 3ms, application-code: 9ms)
 POST /api/logs 200 in 13ms (next.js: 5ms, application-code: 8ms)
 POST /api/logs 200 in 8ms (next.js: 3ms, application-code: 5ms)
 POST /api/logs 200 in 74ms (next.js: 44ms, application-code: 30ms)
 POST /api/logs 200 in 10ms (next.js: 4ms, application-code: 6ms)
 POST /api/logs 200 in 15ms (next.js: 6ms, application-code: 8ms)
 POST /api/logs 200 in 9ms (next.js: 3ms, application-code: 6ms)
 POST /api/logs 200 in 9ms (next.js: 3ms, application-code: 5ms)
 POST /api/logs 200 in 20ms (next.js: 8ms, application-code: 12ms)
 POST /api/logs 200 in 9ms (next.js: 4ms, application-code: 6ms)
 POST /api/logs 200 in 16ms (next.js: 7ms, application-code: 9ms)
 POST /api/logs 200 in 12ms (next.js: 6ms, application-code: 5ms)
 POST /api/logs 200 in 11ms (next.js: 5ms, application-code: 6ms)
 POST /api/logs 200 in 30ms (next.js: 14ms, application-code: 16ms)
 POST /api/logs 200 in 11ms (next.js: 5ms, application-code: 5ms)
 POST /api/logs 200 in 9ms (next.js: 4ms, application-code: 6ms)
 POST /api/logs 200 in 15ms (next.js: 6ms, application-code: 9ms)
 POST /api/logs 200 in 16ms (next.js: 7ms, application-code: 10ms)
 POST /api/logs 200 in 22ms (next.js: 6ms, application-code: 16ms)
 POST /api/logs 200 in 12ms (next.js: 4ms, application-code: 8ms)
 POST /api/logs 200 in 11ms (next.js: 4ms, application-code: 7ms)
 POST /api/logs 200 in 9ms (next.js: 3ms, application-code: 6ms)
 POST /api/logs 200 in 33ms (next.js: 11ms, application-code: 21ms)
 POST /api/logs 200 in 110ms (next.js: 27ms, application-code: 83ms)
 POST /api/logs 200 in 11ms (next.js: 4ms, application-code: 7ms)
 POST /api/logs 200 in 13ms (next.js: 6ms, application-code: 7ms)
 POST /api/logs 200 in 12ms (next.js: 5ms, application-code: 6ms)
 POST /api/logs 200 in 31ms (next.js: 9ms, application-code: 22ms)
 POST /api/logs 200 in 103ms (next.js: 13ms, application-code: 91ms)
 POST /api/logs 200 in 14ms (next.js: 4ms, application-code: 10ms)
 POST /api/logs 200 in 8ms (next.js: 3ms, application-code: 5ms)
 POST /api/logs 200 in 19ms (next.js: 6ms, application-code: 13ms)
 POST /api/logs 200 in 10ms (next.js: 5ms, application-code: 5ms)
 POST /api/logs 200 in 15ms (next.js: 8ms, application-code: 7ms)
 POST /api/logs 200 in 13ms (next.js: 4ms, application-code: 9ms)
 POST /api/logs 200 in 11ms (next.js: 3ms, application-code: 8ms)
 POST /api/logs 200 in 34ms (next.js: 12ms, application-code: 22ms)
 POST /api/logs 200 in 10ms (next.js: 4ms, application-code: 6ms)
 POST /api/logs 200 in 53ms (next.js: 17ms, application-code: 36ms)
 POST /api/logs 200 in 14ms (next.js: 4ms, application-code: 10ms)
 POST /api/logs 200 in 16ms (next.js: 5ms, application-code: 11ms)
 POST /api/logs 200 in 9ms (next.js: 4ms, application-code: 6ms)
 POST /api/logs 200 in 10ms (next.js: 4ms, application-code: 6ms)
 POST /api/logs 200 in 13ms (next.js: 4ms, application-code: 9ms)
 POST /api/logs 200 in 14ms (next.js: 6ms, application-code: 9ms)
 POST /api/logs 200 in 11ms (next.js: 5ms, application-code: 6ms)
 POST /api/logs 200 in 13ms (next.js: 4ms, application-code: 9ms)
 POST /api/logs 200 in 15ms (next.js: 5ms, application-code: 9ms)
 POST /api/logs 200 in 13ms (next.js: 4ms, application-code: 9ms)
 POST /api/logs 200 in 15ms (next.js: 7ms, application-code: 8ms)
 POST /api/logs 200 in 12ms (next.js: 4ms, application-code: 8ms)
 POST /api/logs 200 in 10ms (next.js: 3ms, application-code: 7ms)
 POST /api/logs 200 in 13ms (next.js: 5ms, application-code: 9ms)
 POST /api/logs 200 in 12ms (next.js: 5ms, application-code: 7ms)
 POST /api/logs 200 in 11ms (next.js: 5ms, application-code: 5ms)
 POST /api/logs 200 in 17ms (next.js: 7ms, application-code: 9ms)
 POST /api/logs 200 in 10ms (next.js: 3ms, application-code: 7ms)
 POST /api/logs 200 in 11ms (next.js: 4ms, application-code: 8ms)
 POST /api/logs 200 in 12ms (next.js: 5ms, application-code: 6ms)
 POST /api/logs 200 in 15ms (next.js: 6ms, application-code: 9ms)
 POST /api/logs 200 in 11ms (next.js: 4ms, application-code: 7ms)
 POST /api/logs 200 in 53ms (next.js: 19ms, application-code: 33ms)
 POST /api/logs 200 in 8ms (next.js: 3ms, application-code: 5ms)
 POST /api/logs 200 in 22ms (next.js: 8ms, application-code: 14ms)
 POST /api/logs 200 in 10ms (next.js: 4ms, application-code: 6ms)
 POST /api/logs 200 in 14ms (next.js: 4ms, application-code: 9ms)
 POST /api/logs 200 in 18ms (next.js: 4ms, application-code: 14ms)
 POST /api/logs 200 in 14ms (next.js: 5ms, application-code: 9ms)
 POST /api/logs 200 in 17ms (next.js: 9ms, application-code: 8ms)
 POST /api/logs 200 in 10ms (next.js: 3ms, application-code: 7ms)
 POST /api/logs 200 in 16ms (next.js: 5ms, application-code: 11ms)
 POST /api/logs 200 in 17ms (next.js: 4ms, application-code: 12ms)
 POST /api/logs 200 in 10ms (next.js: 4ms, application-code: 6ms)
 POST /api/logs 200 in 67ms (next.js: 17ms, application-code: 49ms)
 POST /api/logs 200 in 14ms (next.js: 4ms, application-code: 11ms)
 POST /api/logs 200 in 30ms (next.js: 11ms, application-code: 20ms)
 POST /api/logs 200 in 21ms (next.js: 6ms, application-code: 15ms)
 POST /api/logs 200 in 12ms (next.js: 4ms, application-code: 8ms)
 POST /api/logs 200 in 21ms (next.js: 8ms, application-code: 13ms)
 POST /api/logs 200 in 170ms (next.js: 56ms, application-code: 115ms)
 POST /api/logs 200 in 9ms (next.js: 3ms, application-code: 6ms)
 POST /api/logs 200 in 15ms (next.js: 6ms, application-code: 9ms)
 POST /api/logs 200 in 10ms (next.js: 4ms, application-code: 6ms)
 POST /api/logs 200 in 12ms (next.js: 5ms, application-code: 6ms)
 POST /api/logs 200 in 51ms (next.js: 21ms, application-code: 29ms)
 POST /api/logs 200 in 15ms (next.js: 9ms, application-code: 6ms)
 POST /api/logs 200 in 18ms (next.js: 5ms, application-code: 13ms)
 POST /api/logs 200 in 12ms (next.js: 5ms, application-code: 7ms)
 POST /api/logs 200 in 13ms (next.js: 5ms, application-code: 8ms)
 POST /api/logs 200 in 120ms (next.js: 45ms, application-code: 75ms)
 POST /api/logs 200 in 10ms (next.js: 3ms, application-code: 7ms)
 POST /api/logs 200 in 9ms (next.js: 3ms, application-code: 6ms)
 POST /api/logs 200 in 11ms (next.js: 3ms, application-code: 7ms)
 POST /api/logs 200 in 75ms (next.js: 25ms, application-code: 49ms)
 POST /api/logs 200 in 10ms (next.js: 4ms, application-code: 6ms)
 POST /api/logs 200 in 12ms (next.js: 4ms, application-code: 8ms)
 POST /api/logs 200 in 17ms (next.js: 7ms, application-code: 10ms)
 POST /api/logs 200 in 12ms (next.js: 4ms, application-code: 8ms)
 POST /api/logs 200 in 26ms (next.js: 8ms, application-code: 18ms)
 POST /api/logs 200 in 8ms (next.js: 3ms, application-code: 5ms)
 POST /api/logs 200 in 12ms (next.js: 4ms, application-code: 8ms)
 POST /api/logs 200 in 16ms (next.js: 10ms, application-code: 6ms)
 POST /api/logs 200 in 9ms (next.js: 3ms, application-code: 6ms)
 POST /api/logs 200 in 34ms (next.js: 16ms, application-code: 18ms)
 POST /api/logs 200 in 67ms (next.js: 11ms, application-code: 57ms)
 POST /api/logs 200 in 11ms (next.js: 4ms, application-code: 7ms)
 POST /api/logs 200 in 10ms (next.js: 3ms, application-code: 7ms)
 POST /api/logs 200 in 41ms (next.js: 14ms, application-code: 27ms)
 POST /api/logs 200 in 21ms (next.js: 7ms, application-code: 14ms)
 POST /api/logs 200 in 35ms (next.js: 16ms, application-code: 19ms)
 POST /api/logs 200 in 20ms (next.js: 7ms, application-code: 13ms)
 POST /api/logs 200 in 17ms (next.js: 7ms, application-code: 10ms)
 POST /api/logs 200 in 10ms (next.js: 3ms, application-code: 7ms)
 POST /api/logs 200 in 16ms (next.js: 5ms, application-code: 10ms)
 POST /api/logs 200 in 11ms (next.js: 4ms, application-code: 7ms)
 POST /api/logs 200 in 14ms (next.js: 7ms, application-code: 7ms)
 POST /api/logs 200 in 21ms (next.js: 8ms, application-code: 13ms)
 POST /api/logs 200 in 13ms (next.js: 5ms, application-code: 8ms)
 POST /api/logs 200 in 11ms (next.js: 4ms, application-code: 7ms)
 POST /api/logs 200 in 20ms (next.js: 4ms, application-code: 17ms)
 POST /api/logs 200 in 28ms (next.js: 19ms, application-code: 10ms)
 POST /api/logs 200 in 13ms (next.js: 4ms, application-code: 9ms)
 POST /api/logs 200 in 12ms (next.js: 5ms, application-code: 8ms)
 POST /api/logs 200 in 9ms (next.js: 4ms, application-code: 5ms)
 POST /api/logs 200 in 8ms (next.js: 3ms, application-code: 5ms)
 POST /api/logs 200 in 9ms (next.js: 3ms, application-code: 6ms)
 POST /api/logs 200 in 23ms (next.js: 6ms, application-code: 17ms)
 POST /api/logs 200 in 11ms (next.js: 4ms, application-code: 7ms)
 POST /api/logs 200 in 52ms (next.js: 25ms, application-code: 27ms)
 POST /api/logs 200 in 10ms (next.js: 4ms, application-code: 6ms)
 POST /api/logs 200 in 13ms (next.js: 4ms, application-code: 9ms)
 POST /api/logs 200 in 11ms (next.js: 3ms, application-code: 9ms)
 POST /api/logs 200 in 51ms (next.js: 24ms, application-code: 27ms)
 POST /api/logs 200 in 9ms (next.js: 3ms, application-code: 6ms)
 POST /api/logs 200 in 9ms (next.js: 4ms, application-code: 5ms)
 POST /api/logs 200 in 13ms (next.js: 5ms, application-code: 8ms)
 POST /api/logs 200 in 13ms (next.js: 5ms, application-code: 7ms)
 POST /api/logs 200 in 41ms (next.js: 10ms, application-code: 31ms)
 POST /api/logs 200 in 9ms (next.js: 3ms, application-code: 5ms)
 POST /api/logs 200 in 10ms (next.js: 5ms, application-code: 5ms)
 POST /api/logs 200 in 14ms (next.js: 5ms, application-code: 9ms)
 POST /api/logs 200 in 18ms (next.js: 7ms, application-code: 11ms)
 POST /api/logs 200 in 12ms (next.js: 6ms, application-code: 6ms)
 POST /api/logs 200 in 17ms (next.js: 6ms, application-code: 11ms)
 POST /api/logs 200 in 14ms (next.js: 4ms, application-code: 10ms)
 POST /api/logs 200 in 17ms (next.js: 9ms, application-code: 8ms)
 POST /api/logs 200 in 10ms (next.js: 4ms, application-code: 6ms)
 POST /api/logs 200 in 9ms (next.js: 4ms, application-code: 6ms)
 POST /api/logs 200 in 17ms (next.js: 7ms, application-code: 10ms)
 POST /api/logs 200 in 27ms (next.js: 6ms, application-code: 21ms)
 POST /api/logs 200 in 11ms (next.js: 4ms, application-code: 7ms)
 POST /api/logs 200 in 22ms (next.js: 9ms, application-code: 12ms)
 POST /api/logs 200 in 14ms (next.js: 4ms, application-code: 9ms)
 POST /api/logs 200 in 11ms (next.js: 5ms, application-code: 6ms)
 POST /api/logs 200 in 10ms (next.js: 3ms, application-code: 7ms)
 POST /api/logs 200 in 12ms (next.js: 4ms, application-code: 8ms)
 POST /api/logs 200 in 10ms (next.js: 4ms, application-code: 6ms)
 POST /api/logs 200 in 23ms (next.js: 7ms, application-code: 16ms)
 POST /api/logs 200 in 15ms (next.js: 5ms, application-code: 10ms)
 POST /api/logs 200 in 13ms (next.js: 5ms, application-code: 9ms)
 POST /api/logs 200 in 10ms (next.js: 3ms, application-code: 6ms)
 POST /api/logs 200 in 9ms (next.js: 3ms, application-code: 6ms)
 POST /api/logs 200 in 9ms (next.js: 4ms, application-code: 4ms)
 POST /api/logs 200 in 12ms (next.js: 7ms, application-code: 6ms)
 POST /api/logs 200 in 18ms (next.js: 8ms, application-code: 10ms)
 POST /api/logs 200 in 9ms (next.js: 4ms, application-code: 5ms)
 POST /api/logs 200 in 21ms (next.js: 11ms, application-code: 10ms)
 POST /api/logs 200 in 9ms (next.js: 3ms, application-code: 6ms)
 POST /api/logs 200 in 10ms (next.js: 5ms, application-code: 5ms)
 POST /api/logs 200 in 11ms (next.js: 5ms, application-code: 6ms)
 POST /api/logs 200 in 12ms (next.js: 5ms, application-code: 8ms)
 POST /api/logs 200 in 10ms (next.js: 5ms, application-code: 5ms)
 POST /api/logs 200 in 11ms (next.js: 3ms, application-code: 8ms)
 POST /api/logs 200 in 15ms (next.js: 5ms, application-code: 10ms)
 POST /api/logs 200 in 12ms (next.js: 5ms, application-code: 7ms)
 POST /api/logs 200 in 15ms (next.js: 8ms, application-code: 7ms)
 POST /api/logs 200 in 17ms (next.js: 6ms, application-code: 11ms)
 POST /api/logs 200 in 15ms (next.js: 5ms, application-code: 10ms)
 POST /api/logs 200 in 19ms (next.js: 8ms, application-code: 11ms)
[?25h
